<?xml version="1.0" encoding="UTF-8"?>
<!-- Generated by org.testng.reporters.JUnitReportReporter -->
<testsuite skipped="0" hostname="Mano" name="org.test.OpenMrs" tests="5" failures="0" timestamp="04 Sep 2024 19:16:15 GMT" time="127.925" errors="0">
  <testcase name="the_user_has_to_login" time="4.114" classname="org.test.OpenMrs"/>
  <testcase name="register_patient_and_verify_record" time="37.722" classname="org.test.OpenMrs"/>
  <testcase name="create_new_service_type" time="11.724" classname="org.test.OpenMrs"/>
  <testcase name="create_appointment_block" time="19.368" classname="org.test.OpenMrs"/>
  <testcase name="scheduleAppointmentforPatient" time="54.997" classname="org.test.OpenMrs"/>
</testsuite> <!-- org.test.OpenMrs -->
